{
  "RSpec": {
    "coverage": {
      "/home/saasbook/bubhub/app/helpers/application_helper.rb": [
        1,
        null
      ],
      "/home/saasbook/bubhub/app/helpers/user_helper.rb": [
        1,
        null
      ],
      "/home/saasbook/bubhub/app/helpers/welcome_helper.rb": [
        1,
        null
      ],
      "/home/saasbook/bubhub/app/controllers/user_controller.rb": [
        1,
        1,
        null,
        null,
        null,
        0,
        0,
        0,
        null,
        0,
        0,
        0,
        null,
        null,
        null,
        null,
        null,
        null,
        null,
        1,
        null,
        null,
        1,
        null,
        null,
        1,
        null,
        null,
        1,
        0,
        null,
        null,
        1,
        0,
        null,
        null,
        null
      ],
      "/home/saasbook/bubhub/app/controllers/application_controller.rb": [
        1,
        null,
        null,
        1,
        null
      ]
    },
    "timestamp": 1427933765
  }
}
